Base path: C:/Program Files (x86)/Unity4.5/Editor/Data
Pipe name: \\.\pipe\UnityShaderCompiler-3-6824
Cmd: getPlatforms
Cmd: compileSnippet
  api=8 type=0 insize=1770 outsize=2430 kw= ok=1
Cmd: compileSnippet
  api=8 type=0 insize=1788 outsize=2430 kw= ok=1
Cmd: compileSnippet
  api=0 type=0 insize=1852 outsize=660 kw= ok=1
Cmd: compileSnippet
  api=1 type=0 insize=924 outsize=158 kw= ok=1
Cmd: compileSnippet
  api=8 type=1 insize=924 outsize=1113 kw= ok=1
Cmd: compileSnippet
  api=0 type=0 insize=1329 outsize=441 kw= ok=1
Cmd: compileSnippet
  api=1 type=0 insize=1237 outsize=186 kw= ok=1
Cmd: compileSnippet
  api=0 type=0 insize=2284 outsize=863 kw= ok=1
Cmd: compileSnippet
  api=0 type=1 insize=898 outsize=143 kw= ok=1
Cmd: compileSnippet
  api=8 type=0 insize=882 outsize=1690 kw= ok=1
Cmd: compileSnippet
  api=8 type=1 insize=882 outsize=1048 kw= ok=1
Cmd: compileSnippet
  api=0 type=0 insize=1917 outsize=660 kw= ok=1
Cmd: compileSnippet
  api=8 type=1 insize=1917 outsize=2974 kw= ok=1
Unhandled exception: Readfile from pipe failed. GLE=Le canal de communication a été fermé.


Quitting shader compiler process
